Using pre-set license
Built from '2020.3/staging' branch; Version is '2020.3.26f1 (7298b473bc1a) revision 7510196'; Using compiler version '192528614'; Build Type 'Release'
OS: 'Windows 10  (10.0.19044) 64bit CoreSingleLanguage' Language: 'ru' Physical Memory: 6028 MB
BatchMode: 1, IsHumanControllingUs: 0, StartBugReporterOnCrash: 0, Is64bit: 1, IsPro: 0

COMMAND LINE ARGUMENTS:
E:\Unity\2020.3.26f1\Editor\Unity.exe
-adb2
-batchMode
-noUpm
-name
AssetImportWorker7
-projectPath
E:/Zombie Rodeo/Zombie Rodeo
-logFile
Logs/AssetImportWorker7.log
-srvPort
57117
Successfully changed project path to: E:/Zombie Rodeo/Zombie Rodeo
E:/Zombie Rodeo/Zombie Rodeo
Using Asset Import Pipeline V2.
Refreshing native plugins compatible for Editor in 221.85 ms, found 2 plugins.
Preloading 0 native plugins for Editor in 0.00 ms.
Initialize engine version: 2020.3.26f1 (7298b473bc1a)
[Subsystems] Discovering subsystems at path E:/Unity/2020.3.26f1/Editor/Data/Resources/UnitySubsystems
[Subsystems] Discovering subsystems at path E:/Zombie Rodeo/Zombie Rodeo/Assets
GfxDevice: creating device client; threaded=0
